#
# There is insufficient memory for the Java Runtime Environment to continue.
# Native memory allocation (mmap) failed to map 134217728 bytes. Error detail: G1 virtual space
# Possible reasons:
#   The system is out of physical RAM or swap space
#   This process is running with CompressedOops enabled, and the Java Heap may be blocking the growth of the native heap
# Possible solutions:
#   Reduce memory load on the system
#   Increase physical memory or swap space
#   Check if swap backing store is full
#   Decrease Java heap size (-Xmx/-Xms)
#   Decrease number of Java threads
#   Decrease Java thread stack sizes (-Xss)
#   Set larger code cache with -XX:ReservedCodeCacheSize=
#   JVM is running with Unscaled Compressed Oops mode in which the Java heap is
#     placed in the first 4GB address space. The Java Heap base address is the
#     maximum limit for the native heap growth. Please use -XX:HeapBaseMinAddress
#     to set the Java Heap base and to place the Java Heap above 4GB virtual address.
# This output file may be truncated or incomplete.
#
#  Out of Memory Error (os_windows.cpp:3815), pid=15764, tid=16956
#
# JRE version:  (21.0.3+13) (build )
# Java VM: OpenJDK 64-Bit Server VM (21.0.3+13-b509.4, mixed mode, sharing, tiered, compressed oops, compressed class ptrs, g1 gc, windows-amd64)
# No core dump will be written. Minidumps are not enabled by default on client versions of Windows
#

---------------  S U M M A R Y ------------

Command Line: -Djava.rmi.server.hostname=127.0.0.1 -Duser.timezone=UTC -Xmx2048m -Xms128m -Djdbc.classpath=C:\Program Files\JetBrains\IntelliJ IDEA 2024.2.0.1\plugins\DatabaseTools\lib\jdbc-console.jar;C:\Users\buiph\AppData\Roaming\JetBrains\IntelliJIdea2024.2\jdbc-drivers\MySQL ConnectorJ\8.2.0\com\mysql\mysql-connector-j\8.2.0\mysql-connector-j-8.2.0.jar;C:\Users\buiph\AppData\Roaming\JetBrains\IntelliJIdea2024.2\jdbc-drivers\MySQL ConnectorJ\8.2.0\com\google\protobuf\protobuf-java\3.21.9\protobuf-java-3.21.9.jar --add-exports=java.desktop/sun.awt=ALL-UNNAMED --add-exports=java.desktop/java.awt.peer=ALL-UNNAMED --add-opens=java.desktop/java.awt=ALL-UNNAMED --add-opens=jdk.unsupported/sun.misc=ALL-UNNAMED --add-opens=java.base/java.nio=ALL-UNNAMED --add-opens=java.base/java.util=ALL-UNNAMED -Dfile.encoding=UTF-8 -Dsun.stdout.encoding=UTF-8 -Dsun.stderr.encoding=UTF-8 com.intellij.database.remote.RemoteJdbcServer com.mysql.cj.jdbc.Driver

Host: 11th Gen Intel(R) Core(TM) i3-1125G4 @ 2.00GHz, 8 cores, 15G,  Windows 11 , 64 bit Build 22621 (10.0.22621.4830)
Time: Tue Feb 25 14:38:11 2025 SE Asia Standard Time elapsed time: 0.016492 seconds (0d 0h 0m 0s)

---------------  T H R E A D  ---------------

Current thread (0x00000248a880ed20):  JavaThread "Unknown thread" [_thread_in_vm, id=16956, stack(0x000000fbef800000,0x000000fbef900000) (1024K)]

Stack: [0x000000fbef800000,0x000000fbef900000]
Native frames: (J=compiled Java code, j=interpreted, Vv=VM code, C=native code)
V  [jvm.dll+0x6e02e9]
V  [jvm.dll+0x8bd373]
V  [jvm.dll+0x8bf8ce]
V  [jvm.dll+0x8bffb3]
V  [jvm.dll+0x2879b6]
V  [jvm.dll+0x6dcab5]
V  [jvm.dll+0x6d0f8a]
V  [jvm.dll+0x35f9ab]
V  [jvm.dll+0x367556]
V  [jvm.dll+0x3b8b46]
V  [jvm.dll+0x3b8e18]
V  [jvm.dll+0x33216c]
V  [jvm.dll+0x332e5b]
V  [jvm.dll+0x8845d9]
V  [jvm.dll+0x3c5f28]
V  [jvm.dll+0x86d7fd]
V  [jvm.dll+0x45ab8e]
V  [jvm.dll+0x45c761]
C  [jli.dll+0x52ab]
C  [ucrtbase.dll+0x29333]
C  [KERNEL32.DLL+0x1259d]
C  [ntdll.dll+0x5af38]


---------------  P R O C E S S  ---------------

Threads class SMR info:
_java_thread_list=0x00007ffc0f71d108, length=0, elements={
}

Java Threads: ( => current thread )
Total: 0

Other Threads:
  0x00000248a88638c0 WorkerThread "GC Thread#0"                     [id=16276, stack(0x000000fbef900000,0x000000fbefa00000) (1024K)]
  0x00000248a8874a50 ConcurrentGCThread "G1 Main Marker"            [id=15804, stack(0x000000fbefa00000,0x000000fbefb00000) (1024K)]
  0x00000248a8875cf0 WorkerThread "G1 Conc#0"                       [id=17236, stack(0x000000fbefb00000,0x000000fbefc00000) (1024K)]

[error occurred during error reporting (printing all threads), id 0xc0000005, EXCEPTION_ACCESS_VIOLATION (0xc0000005) at pc=0x00007ffc0ee152c7]
VM state: not at safepoint (not fully initialized)

VM Mutex/Monitor currently owned by a thread:  ([mutex/lock_event])
[0x00007ffc0f791858] Heap_lock - owner thread: 0x00000248a880ed20

Heap address: 0x0000000080000000, size: 2048 MB, Compressed Oops mode: 32-bit

CDS archive(s) mapped at: [0x0000000000000000-0x0000000000000000-0x0000000000000000), size 0, SharedBaseAddress: 0x0000000800000000, ArchiveRelocationMode: 1.
Narrow klass base: 0x0000000000000000, Narrow klass shift: 0, Narrow klass range: 0x0

GC Precious Log:
 CardTable entry size: 512
 Card Set container configuration: InlinePtr #cards 5 size 8 Array Of Cards #cards 12 size 40 Howl #buckets 4 coarsen threshold 1843 Howl Bitmap #cards 512 size 80 coarsen threshold 460 Card regions per heap region 1 cards per card region 2048

Heap:
 garbage-first heap   total 0K, used 0K [0x0000000080000000, 0x0000000100000000)
  region size 1024K, 0 young (0K), 0 survivors (0K)
 Metaspace       used 0K, committed 0K, reserved 0K
  class space    used 0K, committed 0K, reserved 0K

Heap Regions: E=young(eden), S=young(survivor), O=old, HS=humongous(starts), HC=humongous(continues), CS=collection set, F=free, TAMS=top-at-mark-start, PB=parsable bottom

Card table byte_map: [0x00000248bbe50000,0x00000248bc250000] _byte_map_base: 0x00000248bba50000

Marking Bits: (CMBitMap*) 0x00000248a8863fc0
 Bits: [0x00000248bc250000, 0x00000248be250000)

GC Heap History (0 events):
No events

Dll operation events (1 events):
Event: 0.011 Loaded shared library C:\Program Files\JetBrains\IntelliJ IDEA 2024.2.0.1\jbr\bin\java.dll

Deoptimization events (0 events):
No events

Classes loaded (0 events):
No events

Classes unloaded (0 events):
No events

Classes redefined (0 events):
No events

Internal exceptions (0 events):
No events

ZGC Phase Switch (0 events):
No events

VM Operations (0 events):
No events

Events (0 events):
No events


Dynamic libraries:
0x00007ff7902d0000 - 0x00007ff7902da000 	C:\Program Files\JetBrains\IntelliJ IDEA 2024.2.0.1\jbr\bin\java.exe
0x00007ffca4210000 - 0x00007ffca4427000 	C:\WINDOWS\SYSTEM32\ntdll.dll
0x00007ffca2d60000 - 0x00007ffca2e24000 	C:\WINDOWS\System32\KERNEL32.DLL
0x00007ffca1b30000 - 0x00007ffca1f00000 	C:\WINDOWS\System32\KERNELBASE.dll
0x00007ffca16b0000 - 0x00007ffca17c1000 	C:\WINDOWS\System32\ucrtbase.dll
0x00007ffc0b170000 - 0x00007ffc0b18b000 	C:\Program Files\JetBrains\IntelliJ IDEA 2024.2.0.1\jbr\bin\VCRUNTIME140.dll
0x00007ffc8bbd0000 - 0x00007ffc8bbe8000 	C:\Program Files\JetBrains\IntelliJ IDEA 2024.2.0.1\jbr\bin\jli.dll
0x00007ffca3ef0000 - 0x00007ffca409e000 	C:\WINDOWS\System32\USER32.dll
0x00007ffca1ad0000 - 0x00007ffca1af6000 	C:\WINDOWS\System32\win32u.dll
0x00007ffca3e40000 - 0x00007ffca3e69000 	C:\WINDOWS\System32\GDI32.dll
0x00007ffc8bd60000 - 0x00007ffc8bff2000 	C:\WINDOWS\WinSxS\amd64_microsoft.windows.common-controls_6595b64144ccf1df_6.0.22621.4830_none_270fe7d773858e80\COMCTL32.dll
0x00007ffca17d0000 - 0x00007ffca18eb000 	C:\WINDOWS\System32\gdi32full.dll
0x00007ffca18f0000 - 0x00007ffca198a000 	C:\WINDOWS\System32\msvcp_win.dll
0x00007ffca2580000 - 0x00007ffca2627000 	C:\WINDOWS\System32\msvcrt.dll
0x00007ffca2b50000 - 0x00007ffca2b81000 	C:\WINDOWS\System32\IMM32.DLL
0x00007ffc714e0000 - 0x00007ffc714ec000 	C:\Program Files\JetBrains\IntelliJ IDEA 2024.2.0.1\jbr\bin\vcruntime140_1.dll
0x00007ffc7b020000 - 0x00007ffc7b0ad000 	C:\Program Files\JetBrains\IntelliJ IDEA 2024.2.0.1\jbr\bin\msvcp140.dll
0x00007ffc0ead0000 - 0x00007ffc0f882000 	C:\Program Files\JetBrains\IntelliJ IDEA 2024.2.0.1\jbr\bin\server\jvm.dll
0x00007ffca3ce0000 - 0x00007ffca3d91000 	C:\WINDOWS\System32\ADVAPI32.dll
0x00007ffca2640000 - 0x00007ffca26e7000 	C:\WINDOWS\System32\sechost.dll
0x00007ffca1b00000 - 0x00007ffca1b28000 	C:\WINDOWS\System32\bcrypt.dll
0x00007ffca2920000 - 0x00007ffca2a34000 	C:\WINDOWS\System32\RPCRT4.dll
0x00007ffca28a0000 - 0x00007ffca2911000 	C:\WINDOWS\System32\WS2_32.dll
0x00007ffca12e0000 - 0x00007ffca132d000 	C:\WINDOWS\SYSTEM32\POWRPROF.dll
0x00007ffc9c5c0000 - 0x00007ffc9c5f4000 	C:\WINDOWS\SYSTEM32\WINMM.dll
0x00007ffc9d280000 - 0x00007ffc9d28a000 	C:\WINDOWS\SYSTEM32\VERSION.dll
0x00007ffca11c0000 - 0x00007ffca11d3000 	C:\WINDOWS\SYSTEM32\UMPDC.dll
0x00007ffca04e0000 - 0x00007ffca04f8000 	C:\WINDOWS\SYSTEM32\kernel.appcore.dll
0x00007ffc7b110000 - 0x00007ffc7b11a000 	C:\Program Files\JetBrains\IntelliJ IDEA 2024.2.0.1\jbr\bin\jimage.dll
0x00007ffc9edc0000 - 0x00007ffc9eff2000 	C:\WINDOWS\SYSTEM32\DBGHELP.DLL
0x00007ffca2e30000 - 0x00007ffca31c0000 	C:\WINDOWS\System32\combase.dll
0x00007ffca3a40000 - 0x00007ffca3b17000 	C:\WINDOWS\System32\OLEAUT32.dll
0x00007ffc7ba90000 - 0x00007ffc7bac2000 	C:\WINDOWS\SYSTEM32\dbgcore.DLL
0x00007ffca1630000 - 0x00007ffca16ab000 	C:\WINDOWS\System32\bcryptPrimitives.dll
0x00007ffc0abf0000 - 0x00007ffc0ac0f000 	C:\Program Files\JetBrains\IntelliJ IDEA 2024.2.0.1\jbr\bin\java.dll

dbghelp: loaded successfully - version: 4.0.5 - missing functions: none
symbol engine: initialized successfully - sym options: 0x614 - pdb path: .;C:\Program Files\JetBrains\IntelliJ IDEA 2024.2.0.1\jbr\bin;C:\WINDOWS\SYSTEM32;C:\WINDOWS\WinSxS\amd64_microsoft.windows.common-controls_6595b64144ccf1df_6.0.22621.4830_none_270fe7d773858e80;C:\Program Files\JetBrains\IntelliJ IDEA 2024.2.0.1\jbr\bin\server

VM Arguments:
jvm_args: -Djava.rmi.server.hostname=127.0.0.1 -Duser.timezone=UTC -Xmx2048m -Xms128m -Djdbc.classpath=C:\Program Files\JetBrains\IntelliJ IDEA 2024.2.0.1\plugins\DatabaseTools\lib\jdbc-console.jar;C:\Users\buiph\AppData\Roaming\JetBrains\IntelliJIdea2024.2\jdbc-drivers\MySQL ConnectorJ\8.2.0\com\mysql\mysql-connector-j\8.2.0\mysql-connector-j-8.2.0.jar;C:\Users\buiph\AppData\Roaming\JetBrains\IntelliJIdea2024.2\jdbc-drivers\MySQL ConnectorJ\8.2.0\com\google\protobuf\protobuf-java\3.21.9\protobuf-java-3.21.9.jar --add-exports=java.desktop/sun.awt=ALL-UNNAMED --add-exports=java.desktop/java.awt.peer=ALL-UNNAMED --add-opens=java.desktop/java.awt=ALL-UNNAMED --add-opens=jdk.unsupported/sun.misc=ALL-UNNAMED --add-opens=java.base/java.nio=ALL-UNNAMED --add-opens=java.base/java.util=ALL-UNNAMED -Dfile.encoding=UTF-8 -Dsun.stdout.encoding=UTF-8 -Dsun.stderr.encoding=UTF-8 
java_command: com.intellij.database.remote.RemoteJdbcServer com.mysql.cj.jdbc.Driver
java_class_path (initial): C:\Program Files\JetBrains\IntelliJ IDEA 2024.2.0.1\lib\util_rt.jar;C:\Program Files\JetBrains\IntelliJ IDEA 2024.2.0.1\lib\util-8.jar;C:\Program Files\JetBrains\IntelliJ IDEA 2024.2.0.1\lib\groovy.jar;C:\Program Files\JetBrains\IntelliJ IDEA 2024.2.0.1\plugins\DatabaseTools\lib\jdbc-console.jar;C:\Program Files\JetBrains\IntelliJ IDEA 2024.2.0.1\plugins\grid-core-impl\lib\jdbc-console-types.jar;C:\Program Files\JetBrains\IntelliJ IDEA 2024.2.0.1\lib\util.jar;C:\Program Files\JetBrains\IntelliJ IDEA 2024.2.0.1\lib\bouncy-castle.jar
Launcher Type: SUN_STANDARD

[Global flags]
     intx CICompilerCount                          = 4                                         {product} {ergonomic}
     uint ConcGCThreads                            = 2                                         {product} {ergonomic}
     uint G1ConcRefinementThreads                  = 8                                         {product} {ergonomic}
   size_t G1HeapRegionSize                         = 1048576                                   {product} {ergonomic}
    uintx GCDrainStackTargetSize                   = 64                                        {product} {ergonomic}
   size_t InitialHeapSize                          = 134217728                                 {product} {command line}
   size_t MarkStackSize                            = 4194304                                   {product} {ergonomic}
   size_t MaxHeapSize                              = 2147483648                                {product} {command line}
   size_t MinHeapDeltaBytes                        = 1048576                                   {product} {ergonomic}
   size_t MinHeapSize                              = 134217728                                 {product} {command line}
    uintx NonNMethodCodeHeapSize                   = 5839372                                {pd product} {ergonomic}
    uintx NonProfiledCodeHeapSize                  = 122909434                              {pd product} {ergonomic}
    uintx ProfiledCodeHeapSize                     = 122909434                              {pd product} {ergonomic}
    uintx ReservedCodeCacheSize                    = 251658240                              {pd product} {ergonomic}
     bool SegmentedCodeCache                       = true                                      {product} {ergonomic}
   size_t SoftMaxHeapSize                          = 2147483648                             {manageable} {ergonomic}
     bool UseCompressedOops                        = true                           {product lp64_product} {ergonomic}
     bool UseG1GC                                  = true                                      {product} {ergonomic}
     bool UseLargePagesIndividualAllocation        = false                                  {pd product} {ergonomic}

Logging:
Log output configuration:
 #0: stdout all=warning uptime,level,tags foldmultilines=false
 #1: stderr all=off uptime,level,tags foldmultilines=false

Environment Variables:
JAVA_HOME=C:\Program Files\AdoptOpenJDK\jdk-15.0.2.7-hotspot\
PATH=C:\Program Files (x86)\VMware\VMware Workstation\bin\;C:\Program Files\Microsoft MPI\Bin\;C:\Program Files\AdoptOpenJDK\jdk-15.0.2.7-hotspot\bin;C:\Program Files\Common Files\Oracle\Java\javapath;C:\WINDOWS\system32;C:\WINDOWS;C:\WINDOWS\System32\Wbem;C:\WINDOWS\System32\WindowsPowerShell\v1.0\;C:\WINDOWS\System32\OpenSSH\;C:\MinGW\bin;C:\Program Files\HP\HP One Agent;C:\Program Files\Go\bin;C:\Program Files (x86)\ZeroTier\One\;C:\Program Files\GitHub CLI\;C:\Program Files (x86)\Microsoft SQL Server\160\Tools\Binn\;C:\Program Files\Microsoft SQL Server\160\Tools\Binn\;C:\Program Files\Microsoft SQL Server\Client SDK\ODBC\170\Tools\Binn\;C:\Program Files\Microsoft SQL Server\160\DTS\Binn\;C:\Program Files (x86)\Microsoft SQL Server\160\DTS\Binn\;C:\Program Files\Azure Data Studio\bin;C:\Program Files\Cloudflare\Cloudflare WARP\;C:\Users\buiph\AppData\Local\Programs\Python\Python310\Scripts;C:\Program Files\nodejs\;C:\Program Files\Docker\Docker\resources\bin;C:\php;C:\ProgramData\chocolatey\bin;C:\Program Files\PuTTY\;C:\Program Files\Git\cmd;C:\Users\buiph\AppData\Local\Programs\Python\Python313\Scripts\;C:\Users\buiph\AppData\Local\Programs\Python\Python313\;C:\Users\buiph\AppData\Local\Programs\Python\Python310\Scripts\;C:\Users\buiph\AppData\Local\Programs\Python\Python310\;C:\Users\buiph\AppData\Local\Programs\Python\Python312\Scripts\;C:\Users\buiph\AppData\Local\Programs\Python\Python312\;C:\Users\buiph\AppData\Local\Microsoft\WindowsApps;C:\Users\buiph\AppData\Local\Programs\Microsoft VS Code\bin;C:\Users\buiph\AppData\Local\GitHubDesktop\bin;C:\Users\buiph\go\bin;C:\Program Files\Azure Data Studio\bin;C:\Program Files\liquibase;C:\sqlite;C:\Users\buiph\AppData\Roaming\npm;C:\Users\buiph\AppData\Local\Programs\Python\Python310\Scripts;;D:\PyCharm 2024.2.4\bin;;C:\Users\buiph\AppData\Local\Programs\Windsurf\bin
USERNAME=buiph
OS=Windows_NT
PROCESSOR_IDENTIFIER=Intel64 Family 6 Model 140 Stepping 1, GenuineIntel
TMP=C:\Users\buiph\AppData\Local\Temp
TEMP=C:\Users\buiph\AppData\Local\Temp




Periodic native trim disabled

JNI global refs:
JNI global refs: 0, weak refs: 0

JNI global refs memory usage: 0, weak refs: 0

Process memory usage:
Resident Set Size: 11756K (0% of 16411172K total physical memory with 4091916K free physical memory)

OOME stack traces (most recent first):
Classloader memory used:

---------------  S Y S T E M  ---------------

OS:
 Windows 11 , 64 bit Build 22621 (10.0.22621.4830)
OS uptime: 0 days 1:43 hours
Hyper-V role detected

CPU: total 8 (initial active 8) (4 cores per cpu, 2 threads per core) family 6 model 140 stepping 1 microcode 0xb4, cx8, cmov, fxsr, ht, mmx, 3dnowpref, sse, sse2, sse3, ssse3, sse4.1, sse4.2, popcnt, lzcnt, tsc, tscinvbit, avx, avx2, aes, erms, clmul, bmi1, bmi2, adx, avx512f, avx512dq, avx512cd, avx512bw, avx512vl, sha, fma, vzeroupper, avx512_vpopcntdq, avx512_vpclmulqdq, avx512_vaes, avx512_vnni, clflush, clflushopt, clwb, avx512_vbmi2, avx512_vbmi, hv, rdtscp, rdpid, fsrm, gfni, avx512_bitalg, f16c, cet_ibt, cet_ss, avx512_ifma
Processor Information for processor 0
  Max Mhz: 2001, Current Mhz: 1200, Mhz Limit: 1980
Processor Information for processor 1
  Max Mhz: 2001, Current Mhz: 1200, Mhz Limit: 1980
Processor Information for processor 2
  Max Mhz: 2001, Current Mhz: 1200, Mhz Limit: 1980
Processor Information for processor 3
  Max Mhz: 2001, Current Mhz: 2000, Mhz Limit: 1980
Processor Information for processor 4
  Max Mhz: 2001, Current Mhz: 2000, Mhz Limit: 1980
Processor Information for processor 5
  Max Mhz: 2001, Current Mhz: 2000, Mhz Limit: 1980
Processor Information for processor 6
  Max Mhz: 2001, Current Mhz: 2000, Mhz Limit: 1980
Processor Information for processor 7
  Max Mhz: 2001, Current Mhz: 2000, Mhz Limit: 1980

Memory: 4k page, system-wide physical 16026M (3996M free)
TotalPageFile size 16026M (AvailPageFile size 130M)
current process WorkingSet (physical memory assigned to process): 11M, peak: 11M
current process commit charge ("private bytes"): 60M, peak: 188M

vm_info: OpenJDK 64-Bit Server VM (21.0.3+13-b509.4) for windows-amd64 JRE (21.0.3+13-b509.4), built on 2024-06-26 by "builduser" with MS VC++ 16.10 / 16.11 (VS2019)

END.
